(1725204743.139460) vcan0 123#
(1725204743.140473) vcan0 123#0123456789ABCDEF
(1725204743.141536) vcan0 123#0123456789ABCDEF_F
(1725204743.143169) vcan0 00000123#
(1725204743.144356) vcan0 00000123#0123456789ABCDEF
(1725204743.145336) vcan0 00000123#0123456789ABCDEF_F
(1725204743.146321) vcan0 123#R
(1725204743.147457) vcan0 123#R8
(1725204743.148451) vcan0 123#R8_F
(1725204743.149547) vcan0 00000123#R
(1725204743.150650) vcan0 00000123#R8
(1725204743.151707) vcan0 00000123#R8_F
(1725204743.152930) vcan0 123##4
(1725204743.153635) vcan0 123##7
(1725204743.154554) vcan0 123##4101112131415161728292A2B2C2D2E2F
(1725204743.155544) vcan0 123##7101112131415161728292A2B2C2D2E2F
(1725204743.156511) vcan0 00000123##4
(1725204743.157531) vcan0 00000123##7
(1725204743.159260) vcan0 00000123##4101112131415161728292A2B2C2D2E2F
(1725204743.160774) vcan0 00000123##7101112131415161728292A2B2C2D2E2F
